<?xml version="1.0" encoding="UTF-8"?>
<testng-results skipped="0" failed="0" ignored="0" total="1" passed="1">
  <reporter-output>
  </reporter-output>
  <suite name="Default suite" duration-ms="174411" started-at="2019-03-19T14:28:31Z" finished-at="2019-03-19T14:31:25Z">
    <groups>
    </groups>
    <test name="Default test" duration-ms="174411" started-at="2019-03-19T14:28:31Z" finished-at="2019-03-19T14:31:25Z">
      <class name="test.GoaptiveAdmin">
        <test-method status="PASS" signature="setUp()[pri:0, instance:test.GoaptiveAdmin@5442a311]" name="setUp" is-config="true" duration-ms="2315" started-at="2019-03-19T14:28:31Z" finished-at="2019-03-19T14:28:33Z">
          <reporter-output>
          </reporter-output>
        </test-method> <!-- setUp -->
        <test-method status="PASS" signature="Test()[pri:0, instance:test.GoaptiveAdmin@5442a311]" name="Test" duration-ms="171643" started-at="2019-03-19T14:28:33Z" finished-at="2019-03-19T14:31:25Z">
          <reporter-output>
          </reporter-output>
        </test-method> <!-- Test -->
        <test-method status="PASS" signature="Teardown()[pri:0, instance:test.GoaptiveAdmin@5442a311]" name="Teardown" is-config="true" duration-ms="411" started-at="2019-03-19T14:31:25Z" finished-at="2019-03-19T14:31:25Z">
          <reporter-output>
          </reporter-output>
        </test-method> <!-- Teardown -->
      </class> <!-- test.GoaptiveAdmin -->
    </test> <!-- Default test -->
  </suite> <!-- Default suite -->
</testng-results>
